<?xml version="1.0" encoding="UTF-8"?>
<testng-results ignored="0" total="2" passed="2" failed="0" skipped="0">
  <reporter-output>
  </reporter-output>
  <suite started-at="2022-01-02T23:51:50 AST" name="Default suite" finished-at="2022-01-02T23:52:16 AST" duration-ms="25642">
    <groups>
    </groups>
    <test started-at="2022-01-02T23:51:50 AST" name="Default test" finished-at="2022-01-02T23:52:16 AST" duration-ms="25642">
      <class name="com.appium.demo.AnnotationsAppium">
        <test-method signature="test1()[pri:0, instance:com.appium.demo.AnnotationsAppium@3738449f]" started-at="2022-01-02T23:51:50 AST" name="test1" finished-at="2022-01-02T23:52:01 AST" duration-ms="10604" status="PASS">
          <reporter-output>
          </reporter-output>
        </test-method> <!-- test1 -->
        <test-method signature="test2()[pri:0, instance:com.appium.demo.AnnotationsAppium@3738449f]" started-at="2022-01-02T23:52:01 AST" name="test2" finished-at="2022-01-02T23:52:16 AST" duration-ms="14988" status="PASS">
          <reporter-output>
          </reporter-output>
        </test-method> <!-- test2 -->
      </class> <!-- com.appium.demo.AnnotationsAppium -->
    </test> <!-- Default test -->
  </suite> <!-- Default suite -->
</testng-results>
